<?xml version="1.0" encoding="UTF-8"?>
<!-- Generated by org.testng.reporters.JUnitReportReporter -->
<testsuite hostname="DESKTOP-UOLKNP7" failures="0" tests="1" name="scripts.Testcase3" time="30.728" errors="0" timestamp="2022-12-27T23:47:41 IST" skipped="0">
  <testcase classname="scripts.Testcase3" name="tc3" time="30.728"/>
  <system-out/>
</testsuite> <!-- scripts.Testcase3 -->
