<?xml version="1.0" encoding="UTF-8"?>
<!-- Generated by org.testng.reporters.JUnitReportReporter -->
<testsuite hostname="DESKTOP-UOLKNP7" failures="0" tests="1" name="scripts.Testcase3" time="76.571" errors="0" timestamp="2023-01-03T09:06:04 IST" skipped="0">
  <testcase classname="scripts.Testcase3" name="tc3" time="76.571"/>
  <system-out/>
</testsuite> <!-- scripts.Testcase3 -->
