<?xml version="1.0" encoding="UTF-8"?>
<!-- Generated by org.testng.reporters.JUnitReportReporter -->
<testsuite hostname="DESKTOP-UOLKNP7" failures="0" tests="1" name="scripts.Testcase3" time="92.442" errors="0" timestamp="2022-12-28T23:26:24 IST" skipped="0">
  <testcase classname="scripts.Testcase3" name="tc3" time="92.442"/>
  <system-out/>
</testsuite> <!-- scripts.Testcase3 -->
